Determining if the pthread_create exist failed with the following output:
Change Dir: /home/angel/catkin_ws/src/slam_gmapping-hydro-devel/gmapping-build/CMakeFiles/CMakeTmp

Run Build Command:/usr/bin/make "cmTryCompileExec3782140926/fast"
/usr/bin/make -f CMakeFiles/cmTryCompileExec3782140926.dir/build.make CMakeFiles/cmTryCompileExec3782140926.dir/build
make[1]: Entering directory `/home/angel/catkin_ws/src/slam_gmapping-hydro-devel/gmapping-build/CMakeFiles/CMakeTmp'
/usr/bin/cmake -E cmake_progress_report /home/angel/catkin_ws/src/slam_gmapping-hydro-devel/gmapping-build/CMakeFiles/CMakeTmp/CMakeFiles 1
Building C object CMakeFiles/cmTryCompileExec3782140926.dir/CheckSymbolExists.c.o
/usr/bin/cc    -o CMakeFiles/cmTryCompileExec3782140926.dir/CheckSymbolExists.c.o   -c /home/angel/catkin_ws/src/slam_gmapping-hydro-devel/gmapping-build/CMakeFiles/CMakeTmp/CheckSymbolExists.c
Linking C executable cmTryCompileExec3782140926
/usr/bin/cmake -E cmake_link_script CMakeFiles/cmTryCompileExec3782140926.dir/link.txt --verbose=1
/usr/bin/cc       CMakeFiles/cmTryCompileExec3782140926.dir/CheckSymbolExists.c.o  -o cmTryCompileExec3782140926 -rdynamic 
CMakeFiles/cmTryCompileExec3782140926.dir/CheckSymbolExists.c.o: In function `main':
CheckSymbolExists.c:(.text+0x16): undefined reference to `pthread_create'
collect2: error: ld returned 1 exit status
make[1]: *** [cmTryCompileExec3782140926] Error 1
make[1]: Leaving directory `/home/angel/catkin_ws/src/slam_gmapping-hydro-devel/gmapping-build/CMakeFiles/CMakeTmp'
make: *** [cmTryCompileExec3782140926/fast] Error 2

File /home/angel/catkin_ws/src/slam_gmapping-hydro-devel/gmapping-build/CMakeFiles/CMakeTmp/CheckSymbolExists.c:
/* */
#include <pthread.h>

int main(int argc, char** argv)
{
  (void)argv;
#ifndef pthread_create
  return ((int*)(&pthread_create))[argc];
#else
  (void)argc;
  return 0;
#endif
}

Determining if the function pthread_create exists in the pthreads failed with the following output:
Change Dir: /home/angel/catkin_ws/src/slam_gmapping-hydro-devel/gmapping-build/CMakeFiles/CMakeTmp

Run Build Command:/usr/bin/make "cmTryCompileExec4236014010/fast"
/usr/bin/make -f CMakeFiles/cmTryCompileExec4236014010.dir/build.make CMakeFiles/cmTryCompileExec4236014010.dir/build
make[1]: Entering directory `/home/angel/catkin_ws/src/slam_gmapping-hydro-devel/gmapping-build/CMakeFiles/CMakeTmp'
/usr/bin/cmake -E cmake_progress_report /home/angel/catkin_ws/src/slam_gmapping-hydro-devel/gmapping-build/CMakeFiles/CMakeTmp/CMakeFiles 1
Building C object CMakeFiles/cmTryCompileExec4236014010.dir/CheckFunctionExists.c.o
/usr/bin/cc   -DCHECK_FUNCTION_EXISTS=pthread_create   -o CMakeFiles/cmTryCompileExec4236014010.dir/CheckFunctionExists.c.o   -c /usr/share/cmake-2.8/Modules/CheckFunctionExists.c
Linking C executable cmTryCompileExec4236014010
/usr/bin/cmake -E cmake_link_script CMakeFiles/cmTryCompileExec4236014010.dir/link.txt --verbose=1
/usr/bin/cc   -DCHECK_FUNCTION_EXISTS=pthread_create    CMakeFiles/cmTryCompileExec4236014010.dir/CheckFunctionExists.c.o  -o cmTryCompileExec4236014010 -rdynamic -lpthreads 
/usr/bin/ld: cannot find -lpthreads
collect2: error: ld returned 1 exit status
make[1]: *** [cmTryCompileExec4236014010] Error 1
make[1]: Leaving directory `/home/angel/catkin_ws/src/slam_gmapping-hydro-devel/gmapping-build/CMakeFiles/CMakeTmp'
make: *** [cmTryCompileExec4236014010/fast] Error 2


